=========================
FCITX 4.2.9.1 -- Get Signal No.: 6
Date: try "date -d @1526541018" if you are using GNU date ***
ProcessID: 1958
/usr/bin/fcitx(+0x162f)[0x55ccbe0c262f]
/lib/x86_64-linux-gnu/libc.so.6(+0x354b0)[0x7fcc1fa9c4b0]
/lib/x86_64-linux-gnu/libc.so.6(gsignal+0x38)[0x7fcc1fa9c428]
/lib/x86_64-linux-gnu/libc.so.6(abort+0x16a)[0x7fcc1fa9e02a]
/lib/x86_64-linux-gnu/libc.so.6(+0x2dbd7)[0x7fcc1fa94bd7]
/lib/x86_64-linux-gnu/libc.so.6(+0x2dc82)[0x7fcc1fa94c82]
/lib/x86_64-linux-gnu/libpthread.so.0(+0x9bf5)[0x7fcc1fe3abf5]
/lib/x86_64-linux-gnu/libdbus-1.so.3(dbus_connection_send+0x24)[0x7fcc1ef99084]
/lib/x86_64-linux-gnu/libdbus-1.so.3(dbus_bus_remove_match+0x64)[0x7fcc1ef95e44]
/usr/lib/x86_64-linux-gnu/fcitx/fcitx-dbus.so(+0x2ab9)[0x7fcc1f1d5ab9]
/usr/lib/x86_64-linux-gnu/libfcitx-utils.so.0(+0x99e4)[0x7fcc200579e4]
/usr/lib/x86_64-linux-gnu/libfcitx-utils.so.0(fcitx_handler_table_free+0x24)[0x7fcc20057d14]
/usr/lib/x86_64-linux-gnu/fcitx/fcitx-dbus.so(+0x20f7)[0x7fcc1f1d50f7]
/usr/lib/x86_64-linux-gnu/libfcitx-core.so.0(+0x8dab)[0x7fcc20481dab]
/usr/lib/x86_64-linux-gnu/libfcitx-core.so.0(FcitxInstanceRun+0x210)[0x7fcc20482170]
/usr/bin/fcitx(+0xfec)[0x55ccbe0c1fec]
/lib/x86_64-linux-gnu/libc.so.6(__libc_start_main+0xf0)[0x7fcc1fa87830]
/usr/bin/fcitx(_start+0x29)[0x55ccbe0c2069]
